<?xml version="1.0" encoding="UTF-8"?>
<!-- Generated by org.testng.reporters.JUnitReportReporter -->
<testsuite hostname="abc-Lenovo-G50-80" name="imgAltTag.ImgAltTagDesk" tests="1" failures="0" timestamp="17 Jan 2021 17:52:48 GMT" time="10.079" errors="0">
  <testcase name="fetchDoctorAppointmentUrl" time="10.079" classname="imgAltTag.ImgAltTagDesk"/>
</testsuite> <!-- imgAltTag.ImgAltTagDesk -->
